<?xml version="1.0" encoding="UTF-8"?>
<TestRun id="33e08098-b974-45e9-95ba-67ef7162c787" name="Jeremy@JEREMY-PC 2012-03-23 15:27:27" runUser="Jeremy-PC\Jeremy" xmlns="http://microsoft.com/schemas/VisualStudio/TeamTest/2010">
  <TestSettings name="Local" id="0b99273c-595e-4207-8ff6-ca5172d865fb">
    <Description>These are default test settings for a local test run.</Description>
    <Deployment enabled="false" runDeploymentRoot="Jeremy_JEREMY-PC 2012-03-23 15_27_27">
      <DeploymentItem filename="C:\Users\Jeremy\Documents\SoftwareEngineering\B2\Bin\CommonLib.dll" />
      <DeploymentItem filename="C:\Users\Jeremy\Documents\SoftwareEngineering\B2\Bin\log4net.dll" />
    </Deployment>
    <Execution>
      <TestTypeSpecific />
      <AgentRule name="Execution Agents">
      </AgentRule>
    </Execution>
  </TestSettings>
  <Times creation="2012-03-23T15:27:27.5451516-04:00" queuing="2012-03-23T15:27:27.5591524-04:00" start="2012-03-23T15:27:27.5811537-04:00" finish="2012-03-23T15:27:27.9851768-04:00" />
  <ResultSummary outcome="Completed">
    <Counters total="1" executed="1" passed="1" error="0" failed="0" timeout="0" aborted="0" inconclusive="0" passedButRunAborted="0" notRunnable="0" notExecuted="0" disconnected="0" warning="0" completed="0" inProgress="0" pending="0" />
  </ResultSummary>
  <TestDefinitions>
    <UnitTest name="TrackBlockConstructorTest" storage="c:\users\jeremy\documents\softwareengineering\b2\unittests\systemunittests\commonlibtests\bin\debug\commonlibtests.dll" id="c1053fe3-71d4-7277-6093-8d34b51b88a3">
      <Execution id="59c5a9ee-613b-462a-8d46-34a0d950d567" />
      <TestMethod codeBase="C:/Users/Jeremy/Documents/SoftwareEngineering/B2/UnitTests/SystemUnitTests/CommonLibTests/bin/Debug/CommonLibTests.DLL" adapterTypeName="Microsoft.VisualStudio.TestTools.TestTypes.Unit.UnitTestAdapter, Microsoft.VisualStudio.QualityTools.Tips.UnitTest.Adapter, Version=10.0.0.0, Culture=neutral, PublicKeyToken=b03f5f7f11d50a3a" className="CommonLibTests.TrackBlockTest, CommonLibTests, Version=1.0.0.0, Culture=neutral, PublicKeyToken=null" name="TrackBlockConstructorTest" />
    </UnitTest>
  </TestDefinitions>
  <TestLists>
    <TestList name="Results Not in a List" id="8c84fa94-04c1-424b-9868-57a2d4851a1d" />
    <TestList name="All Loaded Results" id="19431567-8539-422a-85d7-44ee4e166bda" />
  </TestLists>
  <TestEntries>
    <TestEntry testId="c1053fe3-71d4-7277-6093-8d34b51b88a3" executionId="59c5a9ee-613b-462a-8d46-34a0d950d567" testListId="8c84fa94-04c1-424b-9868-57a2d4851a1d" />
  </TestEntries>
  <Results>
    <UnitTestResult executionId="59c5a9ee-613b-462a-8d46-34a0d950d567" testId="c1053fe3-71d4-7277-6093-8d34b51b88a3" testName="TrackBlockConstructorTest" computerName="JEREMY-PC" duration="00:00:00.0327258" startTime="2012-03-23T15:27:27.5831538-04:00" endTime="2012-03-23T15:27:27.9271734-04:00" testType="13cdc9d9-ddb5-4fa4-a97d-d965ccfc6d4b" outcome="Passed" testListId="8c84fa94-04c1-424b-9868-57a2d4851a1d" relativeResultsDirectory="59c5a9ee-613b-462a-8d46-34a0d950d567">
    </UnitTestResult>
  </Results>
</TestRun>